1522570483763	geckodriver	INFO	geckodriver 0.20.0
1522570483779	geckodriver	INFO	Listening on 127.0.0.1:53907
1522570483830	mozrunner::runner	INFO	Running command: "/usr/bin/firefox" "-marionette" "-headless" "-profile" "/tmp/rust_mozprofile.UaiScVSLjFwY"
*** You are running in headless mode.
1522570487130	Marionette	INFO	Enabled via --marionette
1522570490736	Marionette	INFO	Listening on port 53912
1522570491090	Marionette	WARN	TLS certificate errors will be ignored for this session
JavaScript error: https://ss1.bdstatic.com/5eN1bjq8AAUYm2zgoY3K/r/www/cache/static/protocol/https/plugins/every_cookie_4644b13.js, line 4: ReferenceError: c is not defined
1522589674080	geckodriver	INFO	geckodriver 0.20.0
1522589674088	geckodriver	INFO	Listening on 127.0.0.1:64647
1522589674156	mozrunner::runner	INFO	Running command: "/usr/bin/firefox" "-marionette" "-headless" "-profile" "/tmp/rust_mozprofile.aNvBD7BQnj5v"
*** You are running in headless mode.
1522589677786	Marionette	INFO	Enabled via --marionette
1522589681278	Marionette	INFO	Listening on port 64652
1522589681414	Marionette	WARN	TLS certificate errors will be ignored for this session
1522589712383	geckodriver	INFO	geckodriver 0.20.0
1522589712391	geckodriver	INFO	Listening on 127.0.0.1:64686
1522589712433	mozrunner::runner	INFO	Running command: "/usr/bin/firefox" "-marionette" "-headless" "-profile" "/tmp/rust_mozprofile.S6DqYoS8d4fy"
*** You are running in headless mode.
1522589715668	Marionette	INFO	Enabled via --marionette
1522589719118	Marionette	INFO	Listening on port 64691
1522589719176	Marionette	WARN	TLS certificate errors will be ignored for this session
1522589751750	geckodriver	INFO	geckodriver 0.20.0
1522589751756	geckodriver	INFO	Listening on 127.0.0.1:64734
1522589751798	mozrunner::runner	INFO	Running command: "/usr/bin/firefox" "-marionette" "-headless" "-profile" "/tmp/rust_mozprofile.GHYbGTDo09l4"
*** You are running in headless mode.
1522589754952	Marionette	INFO	Enabled via --marionette
1522589758360	Marionette	INFO	Listening on port 64739
1522589758482	Marionette	WARN	TLS certificate errors will be ignored for this session
1522589759852	addons.xpi	WARN	Exception running bootstrap method shutdown on activity-stream@mozilla.org: [Exception... "Component returned failure code: 0x80004005 (NS_ERROR_FAILURE) [nsIObserverService.removeObserver]"  nsresult: "0x80004005 (NS_ERROR_FAILURE)"  location: "JS frame :: resource://activity-stream/lib/SnippetsFeed.jsm :: uninit :: line 125"  data: no] Stack trace: uninit()@resource://activity-stream/lib/SnippetsFeed.jsm:125 < onAction()@resource://activity-stream/lib/SnippetsFeed.jsm:141 < _middleware/</<()@resource://activity-stream/lib/Store.jsm:51 < Store/this[method]()@resource://activity-stream/lib/Store.jsm:30 < uninit()@resource://activity-stream/lib/Store.jsm:153 < uninit()@resource://activity-stream/lib/ActivityStream.jsm:274 < uninit()@resource://gre/modules/addons/XPIProvider.jsm -> jar:file:///usr/lib/firefox/browser/features/activity-stream@mozilla.org.xpi!/bootstrap.js:80 < shutdown()@resource://gre/modules/addons/XPIProvider.jsm -> jar:file:///usr/lib/firefox/browser/features/activity-stream@mozilla.org.xpi!/bootstrap.js:196 < callBootstrapMethod()@resource://gre/modules/addons/XPIProvider.jsm:4419 < observe()@resource://gre/modules/addons/XPIProvider.jsm:2279 < GeckoDriver.prototype.quit()@driver.js:3270 < despatch()@server.js:557 < execute()@server.js:531 < onPacket/<()@server.js:506 < onPacket()@server.js:505 < _onJSONObjectReady/<()@transport.js:500
*** UTM:SVC TimerManager:registerTimer called after profile-before-change notification. Ignoring timer registration for id: telemetry_modules_ping
1522589760608	geckodriver::marionette	ERROR	Failed to stop browser process
1522589880890	geckodriver	INFO	geckodriver 0.20.0
1522589880897	geckodriver	INFO	Listening on 127.0.0.1:64789
1522589880955	mozrunner::runner	INFO	Running command: "/usr/bin/firefox" "-marionette" "-headless" "-profile" "/tmp/rust_mozprofile.PuQQTlC46zVE"
*** You are running in headless mode.
1522589884140	Marionette	INFO	Enabled via --marionette
1522589887606	Marionette	INFO	Listening on port 64794
1522589887666	Marionette	WARN	TLS certificate errors will be ignored for this session
1522589888312	addons.xpi	WARN	Exception running bootstrap method shutdown on activity-stream@mozilla.org: [Exception... "Component returned failure code: 0x80004005 (NS_ERROR_FAILURE) [nsIObserverService.removeObserver]"  nsresult: "0x80004005 (NS_ERROR_FAILURE)"  location: "JS frame :: resource://activity-stream/lib/SnippetsFeed.jsm :: uninit :: line 125"  data: no] Stack trace: uninit()@resource://activity-stream/lib/SnippetsFeed.jsm:125 < onAction()@resource://activity-stream/lib/SnippetsFeed.jsm:141 < _middleware/</<()@resource://activity-stream/lib/Store.jsm:51 < Store/this[method]()@resource://activity-stream/lib/Store.jsm:30 < uninit()@resource://activity-stream/lib/Store.jsm:153 < uninit()@resource://activity-stream/lib/ActivityStream.jsm:274 < uninit()@resource://gre/modules/addons/XPIProvider.jsm -> jar:file:///usr/lib/firefox/browser/features/activity-stream@mozilla.org.xpi!/bootstrap.js:80 < shutdown()@resource://gre/modules/addons/XPIProvider.jsm -> jar:file:///usr/lib/firefox/browser/features/activity-stream@mozilla.org.xpi!/bootstrap.js:196 < callBootstrapMethod()@resource://gre/modules/addons/XPIProvider.jsm:4419 < observe()@resource://gre/modules/addons/XPIProvider.jsm:2279 < GeckoDriver.prototype.quit()@driver.js:3270 < despatch()@server.js:557 < execute()@server.js:531 < onPacket/<()@server.js:506 < onPacket()@server.js:505 < _onJSONObjectReady/<()@transport.js:500
*** UTM:SVC TimerManager:registerTimer called after profile-before-change notification. Ignoring timer registration for id: telemetry_modules_ping
1522589889185	geckodriver::marionette	ERROR	Failed to stop browser process
1522589906675	geckodriver	INFO	geckodriver 0.20.0
1522589906681	geckodriver	INFO	Listening on 127.0.0.1:64829
1522589906718	mozrunner::runner	INFO	Running command: "/usr/bin/firefox" "-marionette" "-headless" "-profile" "/tmp/rust_mozprofile.KY6QddeXONS7"
*** You are running in headless mode.
1522589909926	Marionette	INFO	Enabled via --marionette
1522589913406	Marionette	INFO	Listening on port 64834
1522589913438	Marionette	WARN	TLS certificate errors will be ignored for this session
1522589914050	addons.xpi	WARN	Exception running bootstrap method shutdown on activity-stream@mozilla.org: [Exception... "Component returned failure code: 0x80004005 (NS_ERROR_FAILURE) [nsIObserverService.removeObserver]"  nsresult: "0x80004005 (NS_ERROR_FAILURE)"  location: "JS frame :: resource://activity-stream/lib/SnippetsFeed.jsm :: uninit :: line 125"  data: no] Stack trace: uninit()@resource://activity-stream/lib/SnippetsFeed.jsm:125 < onAction()@resource://activity-stream/lib/SnippetsFeed.jsm:141 < _middleware/</<()@resource://activity-stream/lib/Store.jsm:51 < Store/this[method]()@resource://activity-stream/lib/Store.jsm:30 < uninit()@resource://activity-stream/lib/Store.jsm:153 < uninit()@resource://activity-stream/lib/ActivityStream.jsm:274 < uninit()@resource://gre/modules/addons/XPIProvider.jsm -> jar:file:///usr/lib/firefox/browser/features/activity-stream@mozilla.org.xpi!/bootstrap.js:80 < shutdown()@resource://gre/modules/addons/XPIProvider.jsm -> jar:file:///usr/lib/firefox/browser/features/activity-stream@mozilla.org.xpi!/bootstrap.js:196 < callBootstrapMethod()@resource://gre/modules/addons/XPIProvider.jsm:4419 < observe()@resource://gre/modules/addons/XPIProvider.jsm:2279 < GeckoDriver.prototype.quit()@driver.js:3270 < despatch()@server.js:557 < execute()@server.js:531 < onPacket/<()@server.js:506 < onPacket()@server.js:505 < _onJSONObjectReady/<()@transport.js:500
*** UTM:SVC TimerManager:registerTimer called after profile-before-change notification. Ignoring timer registration for id: telemetry_modules_ping
1522589914810	geckodriver::marionette	ERROR	Failed to stop browser process
1522597220751	geckodriver	INFO	geckodriver 0.20.0
1522597220763	geckodriver	INFO	Listening on 127.0.0.1:50939
1522597220821	mozrunner::runner	INFO	Running command: "/usr/bin/firefox" "-marionette" "-headless" "-profile" "/tmp/rust_mozprofile.m8RPjMK2pj3J"
*** You are running in headless mode.
1522597224096	Marionette	INFO	Enabled via --marionette
1522597227600	Marionette	INFO	Listening on port 50944
1522597228050	Marionette	WARN	TLS certificate errors will be ignored for this session
1522597228446	addons.xpi	WARN	Exception running bootstrap method shutdown on activity-stream@mozilla.org: [Exception... "Component returned failure code: 0x80004005 (NS_ERROR_FAILURE) [nsIObserverService.removeObserver]"  nsresult: "0x80004005 (NS_ERROR_FAILURE)"  location: "JS frame :: resource://activity-stream/lib/SnippetsFeed.jsm :: uninit :: line 125"  data: no] Stack trace: uninit()@resource://activity-stream/lib/SnippetsFeed.jsm:125 < onAction()@resource://activity-stream/lib/SnippetsFeed.jsm:141 < _middleware/</<()@resource://activity-stream/lib/Store.jsm:51 < Store/this[method]()@resource://activity-stream/lib/Store.jsm:30 < uninit()@resource://activity-stream/lib/Store.jsm:153 < uninit()@resource://activity-stream/lib/ActivityStream.jsm:274 < uninit()@resource://gre/modules/addons/XPIProvider.jsm -> jar:file:///usr/lib/firefox/browser/features/activity-stream@mozilla.org.xpi!/bootstrap.js:80 < shutdown()@resource://gre/modules/addons/XPIProvider.jsm -> jar:file:///usr/lib/firefox/browser/features/activity-stream@mozilla.org.xpi!/bootstrap.js:196 < callBootstrapMethod()@resource://gre/modules/addons/XPIProvider.jsm:4419 < observe()@resource://gre/modules/addons/XPIProvider.jsm:2279 < GeckoDriver.prototype.quit()@driver.js:3270 < despatch()@server.js:557 < execute()@server.js:531 < onPacket/<()@server.js:506 < onPacket()@server.js:505 < _onJSONObjectReady/<()@transport.js:500
*** UTM:SVC TimerManager:registerTimer called after profile-before-change notification. Ignoring timer registration for id: telemetry_modules_ping
1522597229221	geckodriver::marionette	ERROR	Failed to stop browser process
1522597442315	geckodriver	INFO	geckodriver 0.20.0
1522597442322	geckodriver	INFO	Listening on 127.0.0.1:51008
1522597442364	mozrunner::runner	INFO	Running command: "/usr/bin/firefox" "-marionette" "-headless" "-profile" "/tmp/rust_mozprofile.mOJl4DHe6OOD"
*** You are running in headless mode.
1522597445648	Marionette	INFO	Enabled via --marionette
1522597449196	Marionette	INFO	Listening on port 51013
1522597449596	Marionette	WARN	TLS certificate errors will be ignored for this session
1522597506835	geckodriver	INFO	geckodriver 0.20.0
1522597506843	geckodriver	INFO	Listening on 127.0.0.1:51056
1522597506882	mozrunner::runner	INFO	Running command: "/usr/bin/firefox" "-marionette" "-headless" "-profile" "/tmp/rust_mozprofile.JZV4IKVeRtN1"
*** You are running in headless mode.
1522597510096	Marionette	INFO	Enabled via --marionette
1522597513602	Marionette	INFO	Listening on port 51061
1522597514080	Marionette	WARN	TLS certificate errors will be ignored for this session
1522597514534	addons.xpi	WARN	Exception running bootstrap method shutdown on activity-stream@mozilla.org: [Exception... "Component returned failure code: 0x80004005 (NS_ERROR_FAILURE) [nsIObserverService.removeObserver]"  nsresult: "0x80004005 (NS_ERROR_FAILURE)"  location: "JS frame :: resource://activity-stream/lib/SnippetsFeed.jsm :: uninit :: line 125"  data: no] Stack trace: uninit()@resource://activity-stream/lib/SnippetsFeed.jsm:125 < onAction()@resource://activity-stream/lib/SnippetsFeed.jsm:141 < _middleware/</<()@resource://activity-stream/lib/Store.jsm:51 < Store/this[method]()@resource://activity-stream/lib/Store.jsm:30 < uninit()@resource://activity-stream/lib/Store.jsm:153 < uninit()@resource://activity-stream/lib/ActivityStream.jsm:274 < uninit()@resource://gre/modules/addons/XPIProvider.jsm -> jar:file:///usr/lib/firefox/browser/features/activity-stream@mozilla.org.xpi!/bootstrap.js:80 < shutdown()@resource://gre/modules/addons/XPIProvider.jsm -> jar:file:///usr/lib/firefox/browser/features/activity-stream@mozilla.org.xpi!/bootstrap.js:196 < callBootstrapMethod()@resource://gre/modules/addons/XPIProvider.jsm:4419 < observe()@resource://gre/modules/addons/XPIProvider.jsm:2279 < GeckoDriver.prototype.quit()@driver.js:3270 < despatch()@server.js:557 < execute()@server.js:531 < onPacket/<()@server.js:506 < onPacket()@server.js:505 < _onJSONObjectReady/<()@transport.js:500
*** UTM:SVC TimerManager:registerTimer called after profile-before-change notification. Ignoring timer registration for id: telemetry_modules_ping
1522597515291	geckodriver::marionette	ERROR	Failed to stop browser process
1522598724373	geckodriver	INFO	geckodriver 0.20.0
1522598724379	geckodriver	INFO	Listening on 127.0.0.1:51326
1522598724414	mozrunner::runner	INFO	Running command: "/usr/bin/firefox" "-marionette" "-headless" "-profile" "/tmp/rust_mozprofile.v1eTwPLERzHD"
*** You are running in headless mode.
1522598727582	Marionette	INFO	Enabled via --marionette
1522598731096	Marionette	INFO	Listening on port 51331
1522598731150	Marionette	WARN	TLS certificate errors will be ignored for this session
1522598731736	addons.xpi	WARN	Exception running bootstrap method shutdown on activity-stream@mozilla.org: [Exception... "Component returned failure code: 0x80004005 (NS_ERROR_FAILURE) [nsIObserverService.removeObserver]"  nsresult: "0x80004005 (NS_ERROR_FAILURE)"  location: "JS frame :: resource://activity-stream/lib/SnippetsFeed.jsm :: uninit :: line 125"  data: no] Stack trace: uninit()@resource://activity-stream/lib/SnippetsFeed.jsm:125 < onAction()@resource://activity-stream/lib/SnippetsFeed.jsm:141 < _middleware/</<()@resource://activity-stream/lib/Store.jsm:51 < Store/this[method]()@resource://activity-stream/lib/Store.jsm:30 < uninit()@resource://activity-stream/lib/Store.jsm:153 < uninit()@resource://activity-stream/lib/ActivityStream.jsm:274 < uninit()@resource://gre/modules/addons/XPIProvider.jsm -> jar:file:///usr/lib/firefox/browser/features/activity-stream@mozilla.org.xpi!/bootstrap.js:80 < shutdown()@resource://gre/modules/addons/XPIProvider.jsm -> jar:file:///usr/lib/firefox/browser/features/activity-stream@mozilla.org.xpi!/bootstrap.js:196 < callBootstrapMethod()@resource://gre/modules/addons/XPIProvider.jsm:4419 < observe()@resource://gre/modules/addons/XPIProvider.jsm:2279 < GeckoDriver.prototype.quit()@driver.js:3270 < despatch()@server.js:557 < execute()@server.js:531 < onPacket/<()@server.js:506 < onPacket()@server.js:505 < _onJSONObjectReady/<()@transport.js:500
*** UTM:SVC TimerManager:registerTimer called after profile-before-change notification. Ignoring timer registration for id: telemetry_modules_ping
1522598732593	geckodriver::marionette	ERROR	Failed to stop browser process
1522599487916	geckodriver	INFO	geckodriver 0.20.0
1522599487924	geckodriver	INFO	Listening on 127.0.0.1:51489
1522599487956	mozrunner::runner	INFO	Running command: "/usr/bin/firefox" "-marionette" "-headless" "-profile" "/tmp/rust_mozprofile.GqQC3Ghd9Et3"
*** You are running in headless mode.
1522599491236	Marionette	INFO	Enabled via --marionette
1522599494814	Marionette	INFO	Listening on port 51494
1522599495180	Marionette	WARN	TLS certificate errors will be ignored for this session
1522599495632	addons.xpi	WARN	Exception running bootstrap method shutdown on activity-stream@mozilla.org: [Exception... "Component returned failure code: 0x80004005 (NS_ERROR_FAILURE) [nsIObserverService.removeObserver]"  nsresult: "0x80004005 (NS_ERROR_FAILURE)"  location: "JS frame :: resource://activity-stream/lib/SnippetsFeed.jsm :: uninit :: line 125"  data: no] Stack trace: uninit()@resource://activity-stream/lib/SnippetsFeed.jsm:125 < onAction()@resource://activity-stream/lib/SnippetsFeed.jsm:141 < _middleware/</<()@resource://activity-stream/lib/Store.jsm:51 < Store/this[method]()@resource://activity-stream/lib/Store.jsm:30 < uninit()@resource://activity-stream/lib/Store.jsm:153 < uninit()@resource://activity-stream/lib/ActivityStream.jsm:274 < uninit()@resource://gre/modules/addons/XPIProvider.jsm -> jar:file:///usr/lib/firefox/browser/features/activity-stream@mozilla.org.xpi!/bootstrap.js:80 < shutdown()@resource://gre/modules/addons/XPIProvider.jsm -> jar:file:///usr/lib/firefox/browser/features/activity-stream@mozilla.org.xpi!/bootstrap.js:196 < callBootstrapMethod()@resource://gre/modules/addons/XPIProvider.jsm:4419 < observe()@resource://gre/modules/addons/XPIProvider.jsm:2279 < GeckoDriver.prototype.quit()@driver.js:3270 < despatch()@server.js:557 < execute()@server.js:531 < onPacket/<()@server.js:506 < onPacket()@server.js:505 < _onJSONObjectReady/<()@transport.js:500
*** UTM:SVC TimerManager:registerTimer called after profile-before-change notification. Ignoring timer registration for id: telemetry_modules_ping
1522599496400	geckodriver::marionette	ERROR	Failed to stop browser process
1522599621786	geckodriver	INFO	geckodriver 0.20.0
1522599621794	geckodriver	INFO	Listening on 127.0.0.1:51543
1522599621829	mozrunner::runner	INFO	Running command: "/usr/bin/firefox" "-marionette" "-headless" "-profile" "/tmp/rust_mozprofile.qWcOW7itwaQq"
*** You are running in headless mode.
1522599625054	Marionette	INFO	Enabled via --marionette
1522599628568	Marionette	INFO	Listening on port 51548
1522599629062	Marionette	WARN	TLS certificate errors will be ignored for this session
1522599629492	addons.xpi	WARN	Exception running bootstrap method shutdown on activity-stream@mozilla.org: [Exception... "Component returned failure code: 0x80004005 (NS_ERROR_FAILURE) [nsIObserverService.removeObserver]"  nsresult: "0x80004005 (NS_ERROR_FAILURE)"  location: "JS frame :: resource://activity-stream/lib/SnippetsFeed.jsm :: uninit :: line 125"  data: no] Stack trace: uninit()@resource://activity-stream/lib/SnippetsFeed.jsm:125 < onAction()@resource://activity-stream/lib/SnippetsFeed.jsm:141 < _middleware/</<()@resource://activity-stream/lib/Store.jsm:51 < Store/this[method]()@resource://activity-stream/lib/Store.jsm:30 < uninit()@resource://activity-stream/lib/Store.jsm:153 < uninit()@resource://activity-stream/lib/ActivityStream.jsm:274 < uninit()@resource://gre/modules/addons/XPIProvider.jsm -> jar:file:///usr/lib/firefox/browser/features/activity-stream@mozilla.org.xpi!/bootstrap.js:80 < shutdown()@resource://gre/modules/addons/XPIProvider.jsm -> jar:file:///usr/lib/firefox/browser/features/activity-stream@mozilla.org.xpi!/bootstrap.js:196 < callBootstrapMethod()@resource://gre/modules/addons/XPIProvider.jsm:4419 < observe()@resource://gre/modules/addons/XPIProvider.jsm:2279 < GeckoDriver.prototype.quit()@driver.js:3270 < despatch()@server.js:557 < execute()@server.js:531 < onPacket/<()@server.js:506 < onPacket()@server.js:505 < _onJSONObjectReady/<()@transport.js:500
*** UTM:SVC TimerManager:registerTimer called after profile-before-change notification. Ignoring timer registration for id: telemetry_modules_ping
1522599630261	geckodriver::marionette	ERROR	Failed to stop browser process
1522599655787	geckodriver	INFO	geckodriver 0.20.0
1522599655795	geckodriver	INFO	Listening on 127.0.0.1:51587
1522599655825	mozrunner::runner	INFO	Running command: "/usr/bin/firefox" "-marionette" "-headless" "-profile" "/tmp/rust_mozprofile.36x4AZv09zbK"
*** You are running in headless mode.
1522599659000	Marionette	INFO	Enabled via --marionette
1522599662596	Marionette	INFO	Listening on port 51592
1522599663056	Marionette	WARN	TLS certificate errors will be ignored for this session
1522599663456	addons.xpi	WARN	Exception running bootstrap method shutdown on activity-stream@mozilla.org: [Exception... "Component returned failure code: 0x80004005 (NS_ERROR_FAILURE) [nsIObserverService.removeObserver]"  nsresult: "0x80004005 (NS_ERROR_FAILURE)"  location: "JS frame :: resource://activity-stream/lib/SnippetsFeed.jsm :: uninit :: line 125"  data: no] Stack trace: uninit()@resource://activity-stream/lib/SnippetsFeed.jsm:125 < onAction()@resource://activity-stream/lib/SnippetsFeed.jsm:141 < _middleware/</<()@resource://activity-stream/lib/Store.jsm:51 < Store/this[method]()@resource://activity-stream/lib/Store.jsm:30 < uninit()@resource://activity-stream/lib/Store.jsm:153 < uninit()@resource://activity-stream/lib/ActivityStream.jsm:274 < uninit()@resource://gre/modules/addons/XPIProvider.jsm -> jar:file:///usr/lib/firefox/browser/features/activity-stream@mozilla.org.xpi!/bootstrap.js:80 < shutdown()@resource://gre/modules/addons/XPIProvider.jsm -> jar:file:///usr/lib/firefox/browser/features/activity-stream@mozilla.org.xpi!/bootstrap.js:196 < callBootstrapMethod()@resource://gre/modules/addons/XPIProvider.jsm:4419 < observe()@resource://gre/modules/addons/XPIProvider.jsm:2279 < GeckoDriver.prototype.quit()@driver.js:3270 < despatch()@server.js:557 < execute()@server.js:531 < onPacket/<()@server.js:506 < onPacket()@server.js:505 < _onJSONObjectReady/<()@transport.js:500
*** UTM:SVC TimerManager:registerTimer called after profile-before-change notification. Ignoring timer registration for id: telemetry_modules_ping
1522599664337	geckodriver::marionette	ERROR	Failed to stop browser process
1522599684265	geckodriver	INFO	geckodriver 0.20.0
1522599684273	geckodriver	INFO	Listening on 127.0.0.1:51626
1522599684307	mozrunner::runner	INFO	Running command: "/usr/bin/firefox" "-marionette" "-headless" "-profile" "/tmp/rust_mozprofile.qEjWhlyjNsAJ"
*** You are running in headless mode.
1522599687502	Marionette	INFO	Enabled via --marionette
1522599691094	Marionette	INFO	Listening on port 51631
1522599691528	Marionette	WARN	TLS certificate errors will be ignored for this session
1522599691938	addons.xpi	WARN	Exception running bootstrap method shutdown on activity-stream@mozilla.org: [Exception... "Component returned failure code: 0x80004005 (NS_ERROR_FAILURE) [nsIObserverService.removeObserver]"  nsresult: "0x80004005 (NS_ERROR_FAILURE)"  location: "JS frame :: resource://activity-stream/lib/SnippetsFeed.jsm :: uninit :: line 125"  data: no] Stack trace: uninit()@resource://activity-stream/lib/SnippetsFeed.jsm:125 < onAction()@resource://activity-stream/lib/SnippetsFeed.jsm:141 < _middleware/</<()@resource://activity-stream/lib/Store.jsm:51 < Store/this[method]()@resource://activity-stream/lib/Store.jsm:30 < uninit()@resource://activity-stream/lib/Store.jsm:153 < uninit()@resource://activity-stream/lib/ActivityStream.jsm:274 < uninit()@resource://gre/modules/addons/XPIProvider.jsm -> jar:file:///usr/lib/firefox/browser/features/activity-stream@mozilla.org.xpi!/bootstrap.js:80 < shutdown()@resource://gre/modules/addons/XPIProvider.jsm -> jar:file:///usr/lib/firefox/browser/features/activity-stream@mozilla.org.xpi!/bootstrap.js:196 < callBootstrapMethod()@resource://gre/modules/addons/XPIProvider.jsm:4419 < observe()@resource://gre/modules/addons/XPIProvider.jsm:2279 < GeckoDriver.prototype.quit()@driver.js:3270 < despatch()@server.js:557 < execute()@server.js:531 < onPacket/<()@server.js:506 < onPacket()@server.js:505 < _onJSONObjectReady/<()@transport.js:500
*** UTM:SVC TimerManager:registerTimer called after profile-before-change notification. Ignoring timer registration for id: telemetry_modules_ping
1522599692743	geckodriver::marionette	ERROR	Failed to stop browser process
1522667274562	geckodriver	INFO	geckodriver 0.20.0
1522667274570	geckodriver	INFO	Listening on 127.0.0.1:57002
1522667274613	mozrunner::runner	INFO	Running command: "/usr/bin/firefox" "-marionette" "-headless" "-profile" "/tmp/rust_mozprofile.2dkWfULa2y0Z"
*** You are running in headless mode.
1522667277872	Marionette	INFO	Enabled via --marionette
1522667281466	Marionette	INFO	Listening on port 57007
1522667281854	Marionette	WARN	TLS certificate errors will be ignored for this session
*** UTM:SVC TimerManager:registerTimer called after profile-before-change notification. Ignoring timer registration for id: telemetry_modules_ping
1522667283103	geckodriver::marionette	ERROR	Failed to stop browser process
1522667411518	geckodriver	INFO	geckodriver 0.20.0
1522667411527	geckodriver	INFO	Listening on 127.0.0.1:63295
1522667411565	mozrunner::runner	INFO	Running command: "/usr/bin/firefox" "-marionette" "-headless" "-profile" "/tmp/rust_mozprofile.XmZzEWt1NZqY"
*** You are running in headless mode.
1522667414806	Marionette	INFO	Enabled via --marionette
1522667418408	Marionette	INFO	Listening on port 63300
1522667418748	Marionette	WARN	TLS certificate errors will be ignored for this session
*** UTM:SVC TimerManager:registerTimer called after profile-before-change notification. Ignoring timer registration for id: telemetry_modules_ping
1522667420709	geckodriver::marionette	ERROR	Failed to stop browser process
1522667980665	geckodriver	INFO	geckodriver 0.20.0
1522667980673	geckodriver	INFO	Listening on 127.0.0.1:61582
1522667980713	mozrunner::runner	INFO	Running command: "/usr/bin/firefox" "-marionette" "-headless" "-profile" "/tmp/rust_mozprofile.WJggBuIhUH8z"
*** You are running in headless mode.
1522667983968	Marionette	INFO	Enabled via --marionette
1522667987486	Marionette	INFO	Listening on port 61587
1522667987930	Marionette	WARN	TLS certificate errors will be ignored for this session
*** UTM:SVC TimerManager:registerTimer called after profile-before-change notification. Ignoring timer registration for id: telemetry_modules_ping
1522667989976	geckodriver::marionette	ERROR	Failed to stop browser process
1522668023327	geckodriver	INFO	geckodriver 0.20.0
1522668023334	geckodriver	INFO	Listening on 127.0.0.1:64678
1522668023374	mozrunner::runner	INFO	Running command: "/usr/bin/firefox" "-marionette" "-headless" "-profile" "/tmp/rust_mozprofile.1Za67567njaa"
*** You are running in headless mode.
1522668026670	Marionette	INFO	Enabled via --marionette
1522668030246	Marionette	INFO	Listening on port 64683
1522668030604	Marionette	WARN	TLS certificate errors will be ignored for this session
*** UTM:SVC TimerManager:registerTimer called after profile-before-change notification. Ignoring timer registration for id: telemetry_modules_ping
1522668032652	geckodriver::marionette	ERROR	Failed to stop browser process
1522668137423	geckodriver	INFO	geckodriver 0.20.0
1522668137431	geckodriver	INFO	Listening on 127.0.0.1:56523
1522668137474	mozrunner::runner	INFO	Running command: "/usr/bin/firefox" "-marionette" "-headless" "-profile" "/tmp/rust_mozprofile.vVSFmUayZiYu"
*** You are running in headless mode.
1522668140706	Marionette	INFO	Enabled via --marionette
1522668144348	Marionette	INFO	Listening on port 56528
1522668144730	Marionette	WARN	TLS certificate errors will be ignored for this session
*** UTM:SVC TimerManager:registerTimer called after profile-before-change notification. Ignoring timer registration for id: telemetry_modules_ping
1522668146741	geckodriver::marionette	ERROR	Failed to stop browser process
1522668168153	geckodriver	INFO	geckodriver 0.20.0
1522668168161	geckodriver	INFO	Listening on 127.0.0.1:58565
1522668168200	mozrunner::runner	INFO	Running command: "/usr/bin/firefox" "-marionette" "-headless" "-profile" "/tmp/rust_mozprofile.RP2Nea6PFrDI"
*** You are running in headless mode.
1522668171534	Marionette	INFO	Enabled via --marionette
1522668175060	Marionette	INFO	Listening on port 58570
1522668175446	Marionette	WARN	TLS certificate errors will be ignored for this session
*** UTM:SVC TimerManager:registerTimer called after profile-before-change notification. Ignoring timer registration for id: telemetry_modules_ping
1522668177512	geckodriver::marionette	ERROR	Failed to stop browser process
1522668340174	geckodriver	INFO	geckodriver 0.20.0
1522668340180	geckodriver	INFO	Listening on 127.0.0.1:64775
1522668340222	mozrunner::runner	INFO	Running command: "/usr/bin/firefox" "-marionette" "-headless" "-profile" "/tmp/rust_mozprofile.yvWNDBhTvLng"
*** You are running in headless mode.
1522668343480	Marionette	INFO	Enabled via --marionette
1522668347032	Marionette	INFO	Listening on port 64780
1522668347494	Marionette	WARN	TLS certificate errors will be ignored for this session
*** UTM:SVC TimerManager:registerTimer called after profile-before-change notification. Ignoring timer registration for id: telemetry_modules_ping
1522668349544	geckodriver::marionette	ERROR	Failed to stop browser process
1522668401997	geckodriver	INFO	geckodriver 0.20.0
1522668402005	geckodriver	INFO	Listening on 127.0.0.1:54532
1522668402044	mozrunner::runner	INFO	Running command: "/usr/bin/firefox" "-marionette" "-headless" "-profile" "/tmp/rust_mozprofile.FNgaAaZBctBi"
*** You are running in headless mode.
1522668405298	Marionette	INFO	Enabled via --marionette
1522668408870	Marionette	INFO	Listening on port 54540
1522668409254	Marionette	WARN	TLS certificate errors will be ignored for this session
*** UTM:SVC TimerManager:registerTimer called after profile-before-change notification. Ignoring timer registration for id: telemetry_modules_ping
1522668411354	geckodriver::marionette	ERROR	Failed to stop browser process
1522668450138	geckodriver	INFO	geckodriver 0.20.0
1522668450145	geckodriver	INFO	Listening on 127.0.0.1:57575
1522668450178	mozrunner::runner	INFO	Running command: "/usr/bin/firefox" "-marionette" "-headless" "-profile" "/tmp/rust_mozprofile.91yZXS1egQV7"
*** You are running in headless mode.
1522668453480	Marionette	INFO	Enabled via --marionette
1522668457122	Marionette	INFO	Listening on port 57580
1522668457408	Marionette	WARN	TLS certificate errors will be ignored for this session
*** UTM:SVC TimerManager:registerTimer called after profile-before-change notification. Ignoring timer registration for id: telemetry_modules_ping
1522668459490	geckodriver::marionette	ERROR	Failed to stop browser process
1522676238160	geckodriver	INFO	geckodriver 0.20.0
1522676238167	geckodriver	INFO	Listening on 127.0.0.1:58870
1522676238203	mozrunner::runner	INFO	Running command: "/usr/bin/firefox" "-marionette" "-headless" "-profile" "/tmp/rust_mozprofile.YNLEiHuEXXkF"
*** You are running in headless mode.
1522676241498	Marionette	INFO	Enabled via --marionette
1522676244938	Marionette	INFO	Listening on port 58875
1522676245414	Marionette	WARN	TLS certificate errors will be ignored for this session
*** UTM:SVC TimerManager:registerTimer called after profile-before-change notification. Ignoring timer registration for id: telemetry_modules_ping
1522676246452	geckodriver::marionette	ERROR	Failed to stop browser process
1522681192169	geckodriver	INFO	geckodriver 0.20.0
1522681192174	geckodriver	INFO	Listening on 127.0.0.1:50092
1522681192214	mozrunner::runner	INFO	Running command: "/usr/bin/firefox" "-marionette" "-headless" "-profile" "/tmp/rust_mozprofile.XD6MhQ0SU063"
*** You are running in headless mode.
1522681195386	Marionette	INFO	Enabled via --marionette
1522681198922	Marionette	INFO	Listening on port 50097
1522681198946	Marionette	WARN	TLS certificate errors will be ignored for this session
1522681199400	addons.xpi	WARN	Exception running bootstrap method shutdown on activity-stream@mozilla.org: [Exception... "Component returned failure code: 0x80004005 (NS_ERROR_FAILURE) [nsIObserverService.removeObserver]"  nsresult: "0x80004005 (NS_ERROR_FAILURE)"  location: "JS frame :: resource://activity-stream/lib/SnippetsFeed.jsm :: uninit :: line 125"  data: no] Stack trace: uninit()@resource://activity-stream/lib/SnippetsFeed.jsm:125 < onAction()@resource://activity-stream/lib/SnippetsFeed.jsm:141 < _middleware/</<()@resource://activity-stream/lib/Store.jsm:51 < Store/this[method]()@resource://activity-stream/lib/Store.jsm:30 < uninit()@resource://activity-stream/lib/Store.jsm:153 < uninit()@resource://activity-stream/lib/ActivityStream.jsm:274 < uninit()@resource://gre/modules/addons/XPIProvider.jsm -> jar:file:///usr/lib/firefox/browser/features/activity-stream@mozilla.org.xpi!/bootstrap.js:80 < shutdown()@resource://gre/modules/addons/XPIProvider.jsm -> jar:file:///usr/lib/firefox/browser/features/activity-stream@mozilla.org.xpi!/bootstrap.js:196 < callBootstrapMethod()@resource://gre/modules/addons/XPIProvider.jsm:4419 < observe()@resource://gre/modules/addons/XPIProvider.jsm:2279 < GeckoDriver.prototype.quit()@driver.js:3270 < despatch()@server.js:557 < execute()@server.js:531 < onPacket/<()@server.js:506 < onPacket()@server.js:505 < _onJSONObjectReady/<()@transport.js:500
JavaScript error: resource://gre/modules/JSONFile.jsm, line 161: Error: Data is not ready.
JavaScript error: resource://gre/modules/JSONFile.jsm, line 161: Error: Data is not ready.
JavaScript error: resource://gre/modules/JSONFile.jsm, line 161: Error: Data is not ready.
JavaScript error: resource://pdf.js/PdfJs.jsm, line 253: NS_ERROR_XPC_JAVASCRIPT_ERROR_WITH_DETAILS: [JavaScript Error: "Data is not ready." {file: "resource://gre/modules/JSONFile.jsm" line: 161}]'[JavaScript Error: "Data is not ready." {file: "resource://gre/modules/JSONFile.jsm" line: 161}]' when calling method: [nsIHandlerService::store]
*** UTM:SVC TimerManager:registerTimer called after profile-before-change notification. Ignoring timer registration for id: telemetry_modules_ping
JavaScript error: resource://gre/modules/osfile/osfile_async_front.jsm, line 411: Error: OS.File has been shut down. Rejecting post to DirectoryIterator_prototype_close
JavaScript error: resource://gre/modules/osfile/osfile_async_front.jsm, line 411: Error: OS.File has been shut down. Rejecting post to DirectoryIterator_prototype_close
JavaScript error: resource://gre/modules/ProfileAge.jsm, line 176: Error: Unable to fetch oldest profile entry: Error: OS.File has been shut down. Rejecting request to DirectoryIterator_prototype_next
JavaScript error: resource://gre/modules/ProfileAge.jsm, line 176: Error: Unable to fetch oldest profile entry: Error: OS.File has been shut down. Rejecting request to DirectoryIterator_prototype_next
1522681200254	geckodriver::marionette	ERROR	Failed to stop browser process
1522681257972	geckodriver	INFO	geckodriver 0.20.0
1522681257978	geckodriver	INFO	Listening on 127.0.0.1:61249
1522681258015	mozrunner::runner	INFO	Running command: "/usr/bin/firefox" "-marionette" "-headless" "-profile" "/tmp/rust_mozprofile.7zkNhtpP2nTN"
*** You are running in headless mode.
1522681261292	Marionette	INFO	Enabled via --marionette
1522681264862	Marionette	INFO	Listening on port 61254
1522681265204	Marionette	WARN	TLS certificate errors will be ignored for this session
*** UTM:SVC TimerManager:registerTimer called after profile-before-change notification. Ignoring timer registration for id: telemetry_modules_ping
1522681266277	geckodriver::marionette	ERROR	Failed to stop browser process
